This file contains any messages produced by compilers while
running configure, to aid debugging if configure makes a mistake.

It was created by configure, which was
generated by GNU Autoconf 2.57.  Invocation command line was

  $ ./configure 

## --------- ##
## Platform. ##
## --------- ##

hostname = localhost.localdomain
uname -m = i686
uname -r = 2.6.32-573.26.1.el6.i686
uname -s = Linux
uname -v = #1 SMP Tue May 3 21:55:43 UTC 2016

/usr/bin/uname -p = unknown
/bin/uname -X     = unknown

/bin/arch              = i686
/usr/bin/arch -k       = unknown
/usr/convex/getsysinfo = unknown
hostinfo               = unknown
/bin/machine           = unknown
/usr/bin/oslevel       = unknown
/bin/universe          = unknown

PATH: /usr/local/ssl/include/
PATH: /usr/local/lib
PATH: /root/cmake/bin
PATH: /usr/local/ssl/include/
PATH: /usr/local/lib
PATH: /root/cmake/bin
PATH: /usr/lib/qt-3.3/bin
PATH: /usr/local/sbin
PATH: /usr/sbin
PATH: /sbin
PATH: /usr/local/bin
PATH: /usr/bin
PATH: /bin
PATH: /usr/java/jdk1.8.0_60//bin
PATH: /root/bin


## ----------- ##
## Core tests. ##
## ----------- ##

configure:1475: checking build system type
configure:1493: result: i686-pc-linux-gnu
configure:1501: checking host system type
configure:1515: result: i686-pc-linux-gnu
configure:1537: checking for a BSD-compatible install
configure:1591: result: /usr/bin/install -c
configure:1602: checking whether build environment is sane
configure:1645: result: yes
configure:1678: checking for gawk
configure:1694: found /usr/bin/gawk
configure:1704: result: gawk
configure:1714: checking whether make sets $(MAKE)
configure:1734: result: yes
configure:1892: checking whether make sets $(MAKE)
configure:1912: result: yes
configure:1926: checking for bash
configure:1953: result: /bin/sh
configure:1964: checking for gawk
configure:1990: result: gawk
configure:2046: checking for gcc
configure:2062: found /usr/bin/gcc
configure:2072: result: gcc
configure:2316: checking for C compiler version
configure:2319: gcc --version </dev/null >&5
gcc (GCC) 4.4.7 20120313 (Red Hat 4.4.7-16)
Copyright (C) 2010 Free Software Foundation, Inc.
This is free software; see the source for copying conditions.  There is NO
warranty; not even for MERCHANTABILITY or FITNESS FOR A PARTICULAR PURPOSE.

configure:2322: $? = 0
configure:2324: gcc -v </dev/null >&5
Using built-in specs.
Target: i686-redhat-linux
Configured with: ../configure --prefix=/usr --mandir=/usr/share/man --infodir=/usr/share/info --with-bugurl=http://bugzilla.redhat.com/bugzilla --enable-bootstrap --enable-shared --enable-threads=posix --enable-checking=release --with-system-zlib --enable-__cxa_atexit --disable-libunwind-exceptions --enable-gnu-unique-object --enable-languages=c,c++,objc,obj-c++,java,fortran,ada --enable-java-awt=gtk --disable-dssi --with-java-home=/usr/lib/jvm/java-1.5.0-gcj-1.5.0.0/jre --enable-libgcj-multifile --enable-java-maintainer-mode --with-ecj-jar=/usr/share/java/eclipse-ecj.jar --disable-libjava-multilib --with-ppl --with-cloog --with-tune=generic --with-arch=i686 --build=i686-redhat-linux
Thread model: posix
gcc version 4.4.7 20120313 (Red Hat 4.4.7-16) (GCC) 
configure:2327: $? = 0
configure:2329: gcc -V </dev/null >&5
gcc: '-V' option must have argument
configure:2332: $? = 1
configure:2356: checking for C compiler default output
configure:2359: gcc    conftest.c  >&5
configure:2362: $? = 0
configure:2408: result: a.out
configure:2413: checking whether the C compiler works
configure:2419: ./a.out
configure:2422: $? = 0
configure:2439: result: yes
configure:2446: checking whether we are cross compiling
configure:2448: result: no
configure:2451: checking for suffix of executables
configure:2453: gcc -o conftest    conftest.c  >&5
configure:2456: $? = 0
configure:2481: result: 
configure:2487: checking for suffix of object files
configure:2509: gcc -c   conftest.c >&5
configure:2512: $? = 0
configure:2534: result: o
configure:2538: checking whether we are using the GNU C compiler
configure:2563: gcc -c   conftest.c >&5
configure:2566: $? = 0
configure:2569: test -s conftest.o
configure:2572: $? = 0
configure:2585: result: yes
configure:2591: checking whether gcc accepts -g
configure:2613: gcc -c -g  conftest.c >&5
configure:2616: $? = 0
configure:2619: test -s conftest.o
configure:2622: $? = 0
configure:2633: result: yes
configure:2650: checking for gcc option to accept ANSI C
configure:2711: gcc  -c -g -O2  conftest.c >&5
configure:2714: $? = 0
configure:2717: test -s conftest.o
configure:2720: $? = 0
configure:2738: result: none needed
configure:2756: gcc -c -g -O2  conftest.c >&5
conftest.c:2: error: expected '=', ',', ';', 'asm' or '__attribute__' before 'me'
configure:2759: $? = 1
configure: failed program was:
| #ifndef __cplusplus
|   choke me
| #endif
configure:2887: checking for style of include used by make
configure:2915: result: GNU
configure:2943: checking dependency style of gcc
configure:3005: result: gcc3
configure:3034: checking for a BSD-compatible install
configure:3088: result: /usr/bin/install -c
configure:3099: checking whether ln -s works
configure:3103: result: yes
configure:3112: checking for strerror in -lcposix
configure:3143: gcc -o conftest -g -O2   conftest.c -lcposix   >&5
/usr/bin/ld: cannot find -lcposix
collect2: ld returned 1 exit status
configure:3146: $? = 1
configure: failed program was:
| #line 3119 "configure"
| /* confdefs.h.  */
| 
| #define PACKAGE_NAME ""
| #define PACKAGE_TARNAME ""
| #define PACKAGE_VERSION ""
| #define PACKAGE_STRING ""
| #define PACKAGE_BUGREPORT ""
| #define PACKAGE "libmxml"
| #define VERSION "0.9.1"
| /* end confdefs.h.  */
| 
| /* Override any gcc2 internal prototype to avoid an error.  */
| #ifdef __cplusplus
| extern "C"
| #endif
| /* We use char because int might match the return type of a gcc2
|    builtin and then its argument prototype would still apply.  */
| char strerror ();
| int
| main ()
| {
| strerror ();
|   ;
|   return 0;
| }
configure:3164: result: no
configure:3260: checking for ld used by GCC
configure:3323: result: /usr/bin/ld
configure:3332: checking if the linker (/usr/bin/ld) is GNU ld
GNU ld version 2.20.51.0.2-5.43.el6 20100205
configure:3344: result: yes
configure:3349: checking for /usr/bin/ld option to reload object files
configure:3356: result: -r
configure:3361: checking for BSD-compatible nm
configure:3397: result: /usr/bin/nm -B
configure:3400: checking for a sed that does not truncate output
configure:3482: result: /bin/sed
configure:3485: checking how to recognise dependent libraries
configure:3666: result: pass_all
configure:3678: checking command to parse /usr/bin/nm -B output
configure:3762: gcc -c -g -O2  conftest.c >&5
configure:3765: $? = 0
configure:3769: /usr/bin/nm -B conftest.o \| sed -n -e 's/^.*[ 	]\([ABCDGISTW][ABCDGISTW]*\)[ 	][ 	]*\(\)\([_A-Za-z][_A-Za-z0-9]*\)$/\1 \2\3 \3/p' \> conftest.nm
configure:3772: $? = 0
configure:3824: gcc -o conftest -g -O2   conftest.c conftstm.o >&5
configure:3827: $? = 0
configure:3871: result: ok
configure:3880: checking how to run the C preprocessor
configure:3916: gcc -E  conftest.c
configure:3922: $? = 0
configure:3954: gcc -E  conftest.c
configure:3955:28: error: ac_nonexistent.h: No such file or directory
configure:3960: $? = 1
configure: failed program was:
| #line 3945 "configure"
| /* confdefs.h.  */
| 
| #define PACKAGE_NAME ""
| #define PACKAGE_TARNAME ""
| #define PACKAGE_VERSION ""
| #define PACKAGE_STRING ""
| #define PACKAGE_BUGREPORT ""
| #define PACKAGE "libmxml"
| #define VERSION "0.9.1"
| /* end confdefs.h.  */
| #include <ac_nonexistent.h>
configure:3998: result: gcc -E
configure:4023: gcc -E  conftest.c
configure:4029: $? = 0
configure:4061: gcc -E  conftest.c
configure:4062:28: error: ac_nonexistent.h: No such file or directory
configure:4067: $? = 1
configure: failed program was:
| #line 4052 "configure"
| /* confdefs.h.  */
| 
| #define PACKAGE_NAME ""
| #define PACKAGE_TARNAME ""
| #define PACKAGE_VERSION ""
| #define PACKAGE_STRING ""
| #define PACKAGE_BUGREPORT ""
| #define PACKAGE "libmxml"
| #define VERSION "0.9.1"
| /* end confdefs.h.  */
| #include <ac_nonexistent.h>
configure:4110: checking for egrep
configure:4120: result: grep -E
configure:4125: checking for ANSI C header files
configure:4151: gcc -c -g -O2  conftest.c >&5
configure:4154: $? = 0
configure:4157: test -s conftest.o
configure:4160: $? = 0
configure:4252: gcc -o conftest -g -O2   conftest.c  >&5
configure: In function 'main':
configure:4247: warning: incompatible implicit declaration of built-in function 'exit'
configure:4255: $? = 0
configure:4257: ./conftest
configure:4260: $? = 0
configure:4275: result: yes
configure:4299: checking for sys/types.h
configure:4316: gcc -c -g -O2  conftest.c >&5
configure:4319: $? = 0
configure:4322: test -s conftest.o
configure:4325: $? = 0
configure:4336: result: yes
configure:4299: checking for sys/stat.h
configure:4316: gcc -c -g -O2  conftest.c >&5
configure:4319: $? = 0
configure:4322: test -s conftest.o
configure:4325: $? = 0
configure:4336: result: yes
configure:4299: checking for stdlib.h
configure:4316: gcc -c -g -O2  conftest.c >&5
configure:4319: $? = 0
configure:4322: test -s conftest.o
configure:4325: $? = 0
configure:4336: result: yes
configure:4299: checking for string.h
configure:4316: gcc -c -g -O2  conftest.c >&5
configure:4319: $? = 0
configure:4322: test -s conftest.o
configure:4325: $? = 0
configure:4336: result: yes
configure:4299: checking for memory.h
configure:4316: gcc -c -g -O2  conftest.c >&5
configure:4319: $? = 0
configure:4322: test -s conftest.o
configure:4325: $? = 0
configure:4336: result: yes
configure:4299: checking for strings.h
configure:4316: gcc -c -g -O2  conftest.c >&5
configure:4319: $? = 0
configure:4322: test -s conftest.o
configure:4325: $? = 0
configure:4336: result: yes
configure:4299: checking for inttypes.h
configure:4316: gcc -c -g -O2  conftest.c >&5
configure:4319: $? = 0
configure:4322: test -s conftest.o
configure:4325: $? = 0
configure:4336: result: yes
configure:4299: checking for stdint.h
configure:4316: gcc -c -g -O2  conftest.c >&5
configure:4319: $? = 0
configure:4322: test -s conftest.o
configure:4325: $? = 0
configure:4336: result: yes
configure:4299: checking for unistd.h
configure:4316: gcc -c -g -O2  conftest.c >&5
configure:4319: $? = 0
configure:4322: test -s conftest.o
configure:4325: $? = 0
configure:4336: result: yes
configure:4362: checking dlfcn.h usability
configure:4375: gcc -c -g -O2  conftest.c >&5
configure:4378: $? = 0
configure:4381: test -s conftest.o
configure:4384: $? = 0
configure:4394: result: yes
configure:4398: checking dlfcn.h presence
configure:4409: gcc -E  conftest.c
configure:4415: $? = 0
configure:4434: result: yes
configure:4470: checking for dlfcn.h
configure:4477: result: yes
configure:4675: checking for ranlib
configure:4691: found /usr/bin/ranlib
configure:4702: result: ranlib
configure:4755: checking for strip
configure:4771: found /usr/bin/strip
configure:4782: result: strip
configure:4835: gcc -c -g -O2  conftest.c >&5
configure:4838: $? = 0
configure:5010: checking for objdir
configure:5021: result: .libs
configure:5038: checking for gcc option to produce PIC
configure:5184: result: -fPIC
configure:5188: checking if gcc PIC flag -fPIC works
configure:5212: gcc -c -g -O2 -fPIC -DPIC  conftest.c >&5
configure:5215: $? = 0
configure:5218: test -s conftest.o
configure:5221: $? = 0
configure:5259: result: yes
configure:5275: checking if gcc static flag -static works
configure:5300: gcc -o conftest -g -O2   -static conftest.c  >&5
configure:5303: $? = 0
configure:5306: test -s conftest
configure:5309: $? = 0
configure:5325: result: yes
configure:5337: checking if gcc supports -c -o file.o
configure:5357: gcc -c -g -O2 -o out/conftest2.o  conftest.c >&5
configure:5381: result: yes
configure:5386: checking if gcc supports -c -o file.lo
configure:5414: gcc -c -g -O2 -c -o conftest.lo  conftest.c >&5
configure:5417: $? = 0
configure:5420: test -s conftest.lo
configure:5423: $? = 0
configure:5445: result: yes
configure:5476: checking if gcc supports -fno-rtti -fno-exceptions
configure:5499: gcc -c -g -O2 -fno-rtti -fno-exceptions -c conftest.c  conftest.c >&5
cc1: warning: command line option "-fno-rtti" is valid for C++/ObjC++ but not for C
cc1: warning: command line option "-fno-rtti" is valid for C++/ObjC++ but not for C
configure:5502: $? = 0
configure:5505: test -s conftest.o
configure:5508: $? = 0
configure:5525: result: yes
configure:5536: checking whether the linker (/usr/bin/ld) supports shared libraries
configure:6231: result: yes
configure:6236: checking how to hardcode library paths into programs
configure:6260: result: immediate
configure:6265: checking whether stripping libraries is possible
configure:6270: result: yes
configure:6281: checking dynamic linker characteristics
configure:6695: result: GNU/Linux ld.so
configure:6700: checking if libtool supports shared libraries
configure:6702: result: yes
configure:6705: checking whether to build shared libraries
configure:6726: result: no
configure:6729: checking whether to build static libraries
configure:6733: result: yes
configure:8024: checking for ANSI C header files
configure:8174: result: yes
configure:8186: checking for working POSIX fnmatch
configure:8225: gcc -o conftest -g -O2   conftest.c  >&5
configure: In function 'main':
configure:8228: warning: incompatible implicit declaration of built-in function 'exit'
configure:8228: $? = 0
configure:8230: ./conftest
configure:8233: $? = 0
configure:8247: result: yes
configure:8262: checking for vprintf
configure:8312: gcc -o conftest -g -O2   conftest.c  >&5
configure:8306: warning: conflicting types for built-in function 'vprintf'
configure:8315: $? = 0
configure:8318: test -s conftest
configure:8321: $? = 0
configure:8332: result: yes
configure:8339: checking for _doprnt
configure:8389: gcc -o conftest -g -O2   conftest.c  >&5
/tmp/ccpjqfEB.o: In function `main':
/disk4/code/git/wide_char/language_strings_tool/libmxml-0.9.1/configure:8399: undefined reference to `_doprnt'
/tmp/ccpjqfEB.o:(.data+0x0): undefined reference to `_doprnt'
collect2: ld returned 1 exit status
configure:8392: $? = 1
configure: failed program was:
| #line 8344 "configure"
| /* confdefs.h.  */
| 
| #define PACKAGE_NAME ""
| #define PACKAGE_TARNAME ""
| #define PACKAGE_VERSION ""
| #define PACKAGE_STRING ""
| #define PACKAGE_BUGREPORT ""
| #define PACKAGE "libmxml"
| #define VERSION "0.9.1"
| #define STDC_HEADERS 1
| #define HAVE_SYS_TYPES_H 1
| #define HAVE_SYS_STAT_H 1
| #define HAVE_STDLIB_H 1
| #define HAVE_STRING_H 1
| #define HAVE_MEMORY_H 1
| #define HAVE_STRINGS_H 1
| #define HAVE_INTTYPES_H 1
| #define HAVE_STDINT_H 1
| #define HAVE_UNISTD_H 1
| #define HAVE_DLFCN_H 1
| #define STDC_HEADERS 1
| #define HAVE_FNMATCH 1
| #define HAVE_VPRINTF 1
| /* end confdefs.h.  */
| /* System header to define __stub macros and hopefully few prototypes,
|     which can conflict with char _doprnt (); below.
|     Prefer <limits.h> to <assert.h> if __STDC__ is defined, since
|     <limits.h> exists even on freestanding compilers.  */
| #ifdef __STDC__
| # include <limits.h>
| #else
| # include <assert.h>
| #endif
| /* Override any gcc2 internal prototype to avoid an error.  */
| #ifdef __cplusplus
| extern "C"
| {
| #endif
| /* We use char because int might match the return type of a gcc2
|    builtin and then its argument prototype would still apply.  */
| char _doprnt ();
| /* The GNU C library defines this for functions which it implements
|     to always fail with ENOSYS.  Some functions are actually named
|     something starting with __ and the normal name is an alias.  */
| #if defined (__stub__doprnt) || defined (__stub____doprnt)
| choke me
| #else
| char (*f) () = _doprnt;
| #endif
| #ifdef __cplusplus
| }
| #endif
| 
| int
| main ()
| {
| return f != _doprnt;
|   ;
|   return 0;
| }
configure:8409: result: no
configure:8631: creating ./config.status

## ---------------------- ##
## Running config.status. ##
## ---------------------- ##

This file was extended by config.status, which was
generated by GNU Autoconf 2.57.  Invocation command line was

  CONFIG_FILES    = 
  CONFIG_HEADERS  = 
  CONFIG_LINKS    = 
  CONFIG_COMMANDS = 
  $ ./config.status 

on localhost.localdomain

config.status:675: creating Makefile
config.status:675: creating lib/Makefile
config.status:675: creating ltlib/Makefile
config.status:675: creating test/Makefile
config.status:675: creating doc/Makefile
config.status:779: creating config.h
config.status:1005: executing depfiles commands

## ---------------- ##
## Cache variables. ##
## ---------------- ##

ac_cv_build=i686-pc-linux-gnu
ac_cv_build_alias=i686-pc-linux-gnu
ac_cv_c_compiler_gnu=yes
ac_cv_env_CC_set=
ac_cv_env_CC_value=
ac_cv_env_CFLAGS_set=
ac_cv_env_CFLAGS_value=
ac_cv_env_CPPFLAGS_set=
ac_cv_env_CPPFLAGS_value=
ac_cv_env_CPP_set=
ac_cv_env_CPP_value=
ac_cv_env_LDFLAGS_set=
ac_cv_env_LDFLAGS_value=
ac_cv_env_build_alias_set=
ac_cv_env_build_alias_value=
ac_cv_env_host_alias_set=
ac_cv_env_host_alias_value=
ac_cv_env_target_alias_set=
ac_cv_env_target_alias_value=
ac_cv_exeext=
ac_cv_func__doprnt=no
ac_cv_func_fnmatch_works=yes
ac_cv_func_vprintf=yes
ac_cv_header_dlfcn_h=yes
ac_cv_header_inttypes_h=yes
ac_cv_header_memory_h=yes
ac_cv_header_stdc=yes
ac_cv_header_stdint_h=yes
ac_cv_header_stdlib_h=yes
ac_cv_header_string_h=yes
ac_cv_header_strings_h=yes
ac_cv_header_sys_stat_h=yes
ac_cv_header_sys_types_h=yes
ac_cv_header_unistd_h=yes
ac_cv_host=i686-pc-linux-gnu
ac_cv_host_alias=i686-pc-linux-gnu
ac_cv_lib_cposix_strerror=no
ac_cv_objext=o
ac_cv_path_install='/usr/bin/install -c'
ac_cv_prog_AWK=gawk
ac_cv_prog_CPP='gcc -E'
ac_cv_prog_SHELL=/bin/sh
ac_cv_prog_ac_ct_CC=gcc
ac_cv_prog_ac_ct_RANLIB=ranlib
ac_cv_prog_ac_ct_STRIP=strip
ac_cv_prog_cc_g=yes
ac_cv_prog_cc_stdc=
ac_cv_prog_egrep='grep -E'
ac_cv_prog_make_make_set=yes
am_cv_CC_dependencies_compiler_type=gcc3
lt_cv_cc_64bit_output=no
lt_cv_compiler_c_o=yes
lt_cv_compiler_o_lo=yes
lt_cv_deplibs_check_method=pass_all
lt_cv_file_magic_cmd='$MAGIC_CMD'
lt_cv_file_magic_test_file='/lib/libc.so.6 /lib/libc-2.12.so'
lt_cv_global_symbol_to_c_name_address='sed -n -e '\''s/^: \([^ ]*\) $/  {\"\1\", (lt_ptr) 0},/p'\'' -e '\''s/^[BCDEGRST] \([^ ]*\) \([^ ]*\)$/  {"\2", (lt_ptr) \&\2},/p'\'''
lt_cv_global_symbol_to_cdecl='sed -n -e '\''s/^. .* \(.*\)$/extern char \1;/p'\'''
lt_cv_ld_reload_flag=-r
lt_cv_path_LD=/usr/bin/ld
lt_cv_path_NM='/usr/bin/nm -B'
lt_cv_path_SED=/bin/sed
lt_cv_prog_cc_can_build_shared=yes
lt_cv_prog_cc_no_builtin=
lt_cv_prog_cc_pic=' -fPIC'
lt_cv_prog_cc_pic_works=yes
lt_cv_prog_cc_shlib=
lt_cv_prog_cc_static=-static
lt_cv_prog_cc_static_works=yes
lt_cv_prog_cc_wl=-Wl,
lt_cv_prog_gnu_ld=yes
lt_cv_sys_global_symbol_pipe='sed -n -e '\''s/^.*[ 	]\([ABCDGISTW][ABCDGISTW]*\)[ 	][ 	]*\(\)\([_A-Za-z][_A-Za-z0-9]*\)$/\1 \2\3 \3/p'\'''

## ----------------- ##
## Output variables. ##
## ----------------- ##

ACLOCAL='${SHELL} /disk4/code/git/wide_char/language_strings_tool/libmxml-0.9.1/missing --run aclocal-1.7'
AMDEPBACKSLASH='\'
AMDEP_FALSE='#'
AMDEP_TRUE=''
AMTAR='${SHELL} /disk4/code/git/wide_char/language_strings_tool/libmxml-0.9.1/missing --run tar'
AUTOCONF='${SHELL} /disk4/code/git/wide_char/language_strings_tool/libmxml-0.9.1/missing --run autoconf'
AUTOHEADER='${SHELL} /disk4/code/git/wide_char/language_strings_tool/libmxml-0.9.1/missing --run autoheader'
AUTOMAKE='${SHELL} /disk4/code/git/wide_char/language_strings_tool/libmxml-0.9.1/missing --run automake-1.7'
AWK='gawk'
BUILD_LT_FALSE=''
BUILD_LT_TRUE='#'
BUILD_TESTS_FALSE=''
BUILD_TESTS_TRUE='#'
CC='gcc'
CCDEPMODE='depmode=gcc3'
CFLAGS='-O2'
CPP='gcc -E'
CPPFLAGS=''
CYGPATH_W='echo'
DEFS='-DHAVE_CONFIG_H'
DEPDIR='.deps'
ECHO='echo'
ECHO_C=''
ECHO_N='-n'
ECHO_T=''
EGREP='grep -E'
EXEEXT=''
INSTALL_DATA='${INSTALL} -m 644'
INSTALL_PROGRAM='${INSTALL}'
INSTALL_SCRIPT='${INSTALL}'
INSTALL_STRIP_PROGRAM='${SHELL} $(install_sh) -c -s'
LDFLAGS=''
LIBOBJS=''
LIBS=''
LIBTOOL='$(SHELL) $(top_builddir)/libtool'
LN_S='ln -s'
LTLIBOBJS=''
MAKEINFO='${SHELL} /disk4/code/git/wide_char/language_strings_tool/libmxml-0.9.1/missing --run makeinfo'
OBJEXT='o'
PACKAGE='libmxml'
PACKAGE_BUGREPORT=''
PACKAGE_NAME=''
PACKAGE_STRING=''
PACKAGE_TARNAME=''
PACKAGE_VERSION=''
PATH_SEPARATOR=':'
RANLIB='ranlib'
SET_MAKE=''
SHELL='/bin/sh'
STRIP='strip'
SUBDIRS='lib ltlib test doc'
TOPDIR=''
VERSION='0.9.1'
ac_ct_CC='gcc'
ac_ct_RANLIB='ranlib'
ac_ct_STRIP='strip'
am__fastdepCC_FALSE='#'
am__fastdepCC_TRUE=''
am__include='include'
am__quote=''
bindir='${exec_prefix}/bin'
build='i686-pc-linux-gnu'
build_alias=''
build_cpu='i686'
build_os='linux-gnu'
build_vendor='pc'
datadir='${prefix}/share'
enable_doc='no'
exec_prefix='${prefix}'
host='i686-pc-linux-gnu'
host_alias=''
host_cpu='i686'
host_os='linux-gnu'
host_vendor='pc'
includedir='${prefix}/include'
infodir='${prefix}/info'
install_sh='/disk4/code/git/wide_char/language_strings_tool/libmxml-0.9.1/install-sh'
libdir='${exec_prefix}/lib'
libexecdir='${exec_prefix}/libexec'
localstatedir='${prefix}/var'
mandir='${prefix}/man'
oldincludedir='/usr/include'
prefix='/usr/local'
program_transform_name='s,x,x,'
sbindir='${exec_prefix}/sbin'
sharedstatedir='${prefix}/com'
sysconfdir='${prefix}/etc'
target_alias=''

## ----------- ##
## confdefs.h. ##
## ----------- ##

#define HAVE_DLFCN_H 1
#define HAVE_FNMATCH 1
#define HAVE_INTTYPES_H 1
#define HAVE_MEMORY_H 1
#define HAVE_STDINT_H 1
#define HAVE_STDLIB_H 1
#define HAVE_STRINGS_H 1
#define HAVE_STRING_H 1
#define HAVE_SYS_STAT_H 1
#define HAVE_SYS_TYPES_H 1
#define HAVE_UNISTD_H 1
#define HAVE_VPRINTF 1
#define PACKAGE "libmxml"
#define PACKAGE_BUGREPORT ""
#define PACKAGE_NAME ""
#define PACKAGE_STRING ""
#define PACKAGE_TARNAME ""
#define PACKAGE_VERSION ""
#define STDC_HEADERS 1
#define STDC_HEADERS 1
#define VERSION "0.9.1"

configure: exit 0

## ---------------------- ##
## Running config.status. ##
## ---------------------- ##

This file was extended by config.status, which was
generated by GNU Autoconf 2.57.  Invocation command line was

  CONFIG_FILES    = 
  CONFIG_HEADERS  = 
  CONFIG_LINKS    = 
  CONFIG_COMMANDS = 
  $ ./config.status lib/Makefile depfiles

on localhost.localdomain

config.status:675: creating lib/Makefile
config.status:1005: executing depfiles commands
